<?xml version="1.0" encoding="UTF-8"?>
<!-- Generated by org.testng.reporters.JUnitXMLReporter -->
<testsuite hostname="LAPTOP-UNVJLEE0" name="Command line test" tests="6" failures="0" timestamp="18 Jul 2021 07:40:03 GMT" time="0.028" errors="0">
  <testcase name="IOSApps" time="0.008" classname="sapacademy.Mjava.AppiumTest"/>
  <testcase name="NativeappAndroid" time="0.0" classname="sapacademy.Mjava.AppiumTest"/>
  <testcase name="deleteTwitter" time="0.0" classname="sapacademy.Mjava.RestAPITest"/>
  <testcase name="postJira" time="0.0" classname="sapacademy.Mjava.RestAPITest"/>
  <testcase name="BrowserAutomation" time="0.001" classname="sapacademy.Mjava.SelemiumTest"/>
  <testcase name="elementSUi" time="0.001" classname="sapacademy.Mjava.SelemiumTest"/>
</testsuite> <!-- Command line test -->
