<?xml version="1.0" encoding="UTF-8"?>
<testng-results skipped="0" failed="0" total="6" passed="6">
  <reporter-output>
  </reporter-output>
  <suite name="Suite" duration-ms="19" started-at="2021-07-18T07:48:04Z" finished-at="2021-07-18T07:48:04Z">
    <groups>
    </groups>
    <test name="Test" duration-ms="19" started-at="2021-07-18T07:48:04Z" finished-at="2021-07-18T07:48:04Z">
      <class name="sapacademy.Mjava.RestAPITest">
        <test-method status="PASS" signature="deleteTwitter()[pri:0, instance:sapacademy.Mjava.RestAPITest@163e4e87]" name="deleteTwitter" duration-ms="6" started-at="2021-07-18T13:18:04Z" finished-at="2021-07-18T13:18:04Z">
          <reporter-output>
          </reporter-output>
        </test-method> <!-- deleteTwitter -->
        <test-method status="PASS" signature="postJira()[pri:0, instance:sapacademy.Mjava.RestAPITest@163e4e87]" name="postJira" duration-ms="1" started-at="2021-07-18T13:18:04Z" finished-at="2021-07-18T13:18:04Z">
          <reporter-output>
          </reporter-output>
        </test-method> <!-- postJira -->
      </class> <!-- sapacademy.Mjava.RestAPITest -->
      <class name="sapacademy.Mjava.AppiumTest">
        <test-method status="PASS" signature="IOSApps()[pri:0, instance:sapacademy.Mjava.AppiumTest@769e7ee8]" name="IOSApps" duration-ms="0" started-at="2021-07-18T13:18:04Z" finished-at="2021-07-18T13:18:04Z">
          <reporter-output>
          </reporter-output>
        </test-method> <!-- IOSApps -->
        <test-method status="PASS" signature="NativeappAndroid()[pri:0, instance:sapacademy.Mjava.AppiumTest@769e7ee8]" name="NativeappAndroid" duration-ms="0" started-at="2021-07-18T13:18:04Z" finished-at="2021-07-18T13:18:04Z">
          <reporter-output>
          </reporter-output>
        </test-method> <!-- NativeappAndroid -->
      </class> <!-- sapacademy.Mjava.AppiumTest -->
      <class name="sapacademy.Mjava.SelemiumTest">
        <test-method status="PASS" signature="BrowserAutomation()[pri:0, instance:sapacademy.Mjava.SelemiumTest@12b0404f]" name="BrowserAutomation" duration-ms="0" started-at="2021-07-18T13:18:04Z" finished-at="2021-07-18T13:18:04Z">
          <reporter-output>
          </reporter-output>
        </test-method> <!-- BrowserAutomation -->
        <test-method status="PASS" signature="elementSUi()[pri:0, instance:sapacademy.Mjava.SelemiumTest@12b0404f]" name="elementSUi" duration-ms="1" started-at="2021-07-18T13:18:04Z" finished-at="2021-07-18T13:18:04Z">
          <reporter-output>
          </reporter-output>
        </test-method> <!-- elementSUi -->
      </class> <!-- sapacademy.Mjava.SelemiumTest -->
    </test> <!-- Test -->
  </suite> <!-- Suite -->
</testng-results>
