<?xml version="1.0" encoding="UTF-8"?>
<testng-results skipped="0" failed="0" ignored="0" total="2" passed="2">
  <reporter-output>
  </reporter-output>
  <suite name="Default suite" duration-ms="57" started-at="2021-08-26T10:54:43 IST" finished-at="2021-08-26T10:54:43 IST">
    <groups>
    </groups>
    <test name="Default test" duration-ms="57" started-at="2021-08-26T10:54:43 IST" finished-at="2021-08-26T10:54:43 IST">
      <class name="sapacademy.Mjava.AppiumTest">
        <test-method status="PASS" signature="IOSApps()[pri:0, instance:sapacademy.Mjava.AppiumTest@52525845]" name="IOSApps" duration-ms="8" started-at="2021-08-26T10:54:43 IST" finished-at="2021-08-26T10:54:43 IST">
          <reporter-output>
          </reporter-output>
        </test-method> <!-- IOSApps -->
        <test-method status="PASS" signature="NativeappAndroid()[pri:0, instance:sapacademy.Mjava.AppiumTest@52525845]" name="NativeappAndroid" duration-ms="1" started-at="2021-08-26T10:54:43 IST" finished-at="2021-08-26T10:54:43 IST">
          <reporter-output>
          </reporter-output>
        </test-method> <!-- NativeappAndroid -->
      </class> <!-- sapacademy.Mjava.AppiumTest -->
    </test> <!-- Default test -->
  </suite> <!-- Default suite -->
</testng-results>
